<?xml version="1.0" encoding="UTF-8"?>
<!-- Generated by org.testng.reporters.JUnitXMLReporter -->
<testsuite hostname="DESKTOP-JRSKT25" ignored="2" name="TestCases" tests="3" failures="0" timestamp="15 Dec 2019 11:34:31 GMT" time="113.819" errors="0">
  <testcase name="loginTest" time="6.357" classname="com.qa.TestCases.LoginPageTest"/>
  <testcase name="naviTshirtTest" time="23.321" classname="com.qa.TestCases.ShoppingPageTest"/>
  <testcase name="signInTest" time="13.709" classname="com.qa.TestCases.HomePageTest"/>
  <testcase name="titleTest" time="0.0" classname="com.qa.TestCases.HomePageTest">
    <ignored/>
  </testcase> <!-- titleTest -->
  <testcase name="logoTest" time="0.0" classname="com.qa.TestCases.HomePageTest">
    <ignored/>
  </testcase> <!-- logoTest -->
</testsuite> <!-- TestCases -->
