<?xml version="1.0" encoding="UTF-8"?>
<testng-results skipped="0" failed="0" ignored="0" total="1" passed="1">
  <reporter-output>
  </reporter-output>
  <suite name="Default suite" duration-ms="62008" started-at="2019-12-15T08:26:30Z" finished-at="2019-12-15T08:27:32Z">
    <groups>
    </groups>
    <test name="Default test" duration-ms="62008" started-at="2019-12-15T08:26:30Z" finished-at="2019-12-15T08:27:32Z">
      <class name="com.qa.TestCases.ShoppingPageTest">
        <test-method status="PASS" signature="setup()[pri:0, instance:com.qa.TestCases.ShoppingPageTest@26be92ad]" name="setup" is-config="true" duration-ms="34483" started-at="2019-12-15T08:26:30Z" finished-at="2019-12-15T08:27:04Z">
          <reporter-output>
          </reporter-output>
        </test-method> <!-- setup -->
        <test-method status="PASS" signature="naviTshirtTest()[pri:0, instance:com.qa.TestCases.ShoppingPageTest@26be92ad]" name="naviTshirtTest" duration-ms="26599" started-at="2019-12-15T08:27:04Z" finished-at="2019-12-15T08:27:31Z">
          <reporter-output>
          </reporter-output>
        </test-method> <!-- naviTshirtTest -->
        <test-method status="PASS" signature="tearDown()[pri:0, instance:com.qa.TestCases.ShoppingPageTest@26be92ad]" name="tearDown" is-config="true" duration-ms="885" started-at="2019-12-15T08:27:31Z" finished-at="2019-12-15T08:27:32Z">
          <reporter-output>
          </reporter-output>
        </test-method> <!-- tearDown -->
      </class> <!-- com.qa.TestCases.ShoppingPageTest -->
    </test> <!-- Default test -->
  </suite> <!-- Default suite -->
</testng-results>
